<?xml version="1.0" encoding="UTF-8"?>
<testsuite xmlns:xsi="http://www.w3.org/2001/XMLSchema-instance" xsi:noNamespaceSchemaLocation="https://maven.apache.org/surefire/maven-surefire-plugin/xsd/surefire-test-report.xsd" version="3.0.2" name="com.discogs.DiscogsApplicationTests" time="5.514" tests="1" errors="0" skipped="0" failures="0">
  <properties>
[...]
</properties>
  <testcase name="contextLoads" classname="com.discogs.DiscogsApplicationTests" time="0.452">
    <system-out><![CDATA[11:59:00.386 [main] INFO org.springframework.test.context.support.AnnotationConfigContextLoaderUtils -- Could not detect default configuration classes for test class [com.discogs.DiscogsApplicationTests]: DiscogsApplicationTests does not declare any static, non-private, non-final, nested classes annotated with @Configuration.
11:59:00.501 [main] INFO org.springframework.boot.test.context.SpringBootTestContextBootstrapper -- Found @SpringBootConfiguration com.discogs.DiscogsApplication for test class com.discogs.DiscogsApplicationTests

  .   ____          _            __ _ _
 /\\ / ___'_ __ _ _(_)_ __  __ _ \ \ \ \
( ( )\___ | '_ | '_| | '_ \/ _` | \ \ \ \
 \\/  ___)| |_)| | | | | || (_| |  ) ) ) )
  '  |____| .__|_| |_|_| |_\__, | / / / /
 =========|_|==============|___/=/_/_/_/

 :: Spring Boot ::                (v3.4.1)

2024-12-27T11:59:00.885-05:00  INFO 88647 --- [           main] com.discogs.DiscogsApplicationTests      : Starting DiscogsApplicationTests using Java 17.0.8 with PID 88647 (started by Israel in /Users/Israel/IdeaProjects/discogs-api)
2024-12-27T11:59:00.886-05:00  INFO 88647 --- [           main] com.discogs.DiscogsApplicationTests      : No active profile set, falling back to 1 default profile: "default"
2024-12-27T11:59:01.425-05:00  INFO 88647 --- [           main] .s.d.r.c.RepositoryConfigurationDelegate : Bootstrapping Spring Data JPA repositories in DEFAULT mode.
2024-12-27T11:59:01.596-05:00  INFO 88647 --- [           main] .s.d.r.c.RepositoryConfigurationDelegate : Finished Spring Data repository scanning in 160 ms. Found 1 JPA repository interface.
2024-12-27T11:59:01.978-05:00  INFO 88647 --- [           main] o.hibernate.jpa.internal.util.LogHelper  : HHH000204: Processing PersistenceUnitInfo [name: default]
2024-12-27T11:59:02.039-05:00  INFO 88647 --- [           main] org.hibernate.Version                    : HHH000412: Hibernate ORM core version 6.6.4.Final
2024-12-27T11:59:02.075-05:00  INFO 88647 --- [           main] o.h.c.internal.RegionFactoryInitiator    : HHH000026: Second-level cache disabled
2024-12-27T11:59:02.392-05:00  INFO 88647 --- [           main] o.s.o.j.p.SpringPersistenceUnitInfo      : No LoadTimeWeaver setup: ignoring JPA class transformer
2024-12-27T11:59:02.423-05:00  INFO 88647 --- [           main] com.zaxxer.hikari.HikariDataSource       : HikariPool-1 - Starting...
2024-12-27T11:59:02.627-05:00  INFO 88647 --- [           main] com.zaxxer.hikari.pool.HikariPool        : HikariPool-1 - Added connection org.postgresql.jdbc.PgConnection@667797f
2024-12-27T11:59:02.629-05:00  INFO 88647 --- [           main] com.zaxxer.hikari.HikariDataSource       : HikariPool-1 - Start completed.
2024-12-27T11:59:02.664-05:00  WARN 88647 --- [           main] org.hibernate.orm.deprecation            : HHH90000025: PostgreSQLDialect does not need to be specified explicitly using 'hibernate.dialect' (remove the property setting and it will be selected by default)
2024-12-27T11:59:02.685-05:00  INFO 88647 --- [           main] org.hibernate.orm.connections.pooling    : HHH10001005: Database info:
	Database JDBC URL [Connecting through datasource 'HikariDataSource (HikariPool-1)']
	Database driver: undefined/unknown
	Database version: 16.4
	Autocommit mode: undefined/unknown
	Isolation level: undefined/unknown
	Minimum pool size: undefined/unknown
	Maximum pool size: undefined/unknown
2024-12-27T11:59:03.240-05:00  INFO 88647 --- [           main] o.h.m.i.EntityInstantiatorPojoStandard   : HHH000182: No default (no-argument) constructor for class: com.discogs.domain.model.Video (class must be instantiated by Interceptor)
2024-12-27T11:59:03.260-05:00  INFO 88647 --- [           main] o.h.m.i.EntityInstantiatorPojoStandard   : HHH000182: No default (no-argument) constructor for class: com.discogs.domain.model.ExtraArtist (class must be instantiated by Interceptor)
2024-12-27T11:59:03.261-05:00  INFO 88647 --- [           main] o.h.m.i.EntityInstantiatorPojoStandard   : HHH000182: No default (no-argument) constructor for class: com.discogs.domain.model.Genre (class must be instantiated by Interceptor)
2024-12-27T11:59:03.262-05:00  INFO 88647 --- [           main] o.h.m.i.EntityInstantiatorPojoStandard   : HHH000182: No default (no-argument) constructor for class: com.discogs.domain.model.Identifier (class must be instantiated by Interceptor)
2024-12-27T11:59:03.263-05:00  INFO 88647 --- [           main] o.h.m.i.EntityInstantiatorPojoStandard   : HHH000182: No default (no-argument) constructor for class: com.discogs.domain.model.Company (class must be instantiated by Interceptor)
2024-12-27T11:59:03.402-05:00  INFO 88647 --- [           main] o.h.m.i.EntityInstantiatorPojoStandard   : HHH000182: No default (no-argument) constructor for class: com.discogs.domain.model.Style (class must be instantiated by Interceptor)
2024-12-27T11:59:03.403-05:00  INFO 88647 --- [           main] o.h.m.i.EntityInstantiatorPojoStandard   : HHH000182: No default (no-argument) constructor for class: com.discogs.domain.model.Track (class must be instantiated by Interceptor)
2024-12-27T11:59:03.404-05:00  INFO 88647 --- [           main] o.h.m.i.EntityInstantiatorPojoStandard   : HHH000182: No default (no-argument) constructor for class: com.discogs.domain.model.Image (class must be instantiated by Interceptor)
2024-12-27T11:59:03.632-05:00  INFO 88647 --- [           main] o.h.e.t.j.p.i.JtaPlatformInitiator       : HHH000489: No JTA platform available (set 'hibernate.transaction.jta.platform' to enable JTA platform integration)
2024-12-27T11:59:03.737-05:00  INFO 88647 --- [           main] j.LocalContainerEntityManagerFactoryBean : Initialized JPA EntityManagerFactory for persistence unit 'default'
2024-12-27T11:59:04.002-05:00  INFO 88647 --- [           main] o.s.d.j.r.query.QueryEnhancerFactory     : Hibernate is in classpath; If applicable, HQL parser will be used.
2024-12-27T11:59:04.498-05:00  WARN 88647 --- [           main] org.hibernate.orm.deprecation            : HHH90000012: Recognized obsolete hibernate namespace http://hibernate.sourceforge.net/hibernate-configuration. Use namespace http://www.hibernate.org/dtd/hibernate-configuration instead.  Support for obsolete DTD/XSD namespaces may be removed at any time.
2024-12-27T11:59:04.663-05:00  WARN 88647 --- [           main] org.hibernate.orm.deprecation            : HHH90000012: Recognized obsolete hibernate namespace http://hibernate.sourceforge.net/hibernate-configuration. Use namespace http://www.hibernate.org/dtd/hibernate-configuration instead.  Support for obsolete DTD/XSD namespaces may be removed at any time.
2024-12-27T11:59:04.674-05:00  INFO 88647 --- [           main] o.h.c.internal.RegionFactoryInitiator    : HHH000026: Second-level cache disabled
2024-12-27T11:59:04.677-05:00  WARN 88647 --- [           main] org.hibernate.orm.connections.pooling    : HHH10001002: Using built-in connection pool (not intended for production use)
2024-12-27T11:59:04.701-05:00  WARN 88647 --- [           main] org.hibernate.orm.deprecation            : HHH90000025: PostgreSQLDialect does not need to be specified explicitly using 'hibernate.dialect' (remove the property setting and it will be selected by default)
2024-12-27T11:59:04.706-05:00  INFO 88647 --- [           main] org.hibernate.orm.connections.pooling    : HHH10001005: Database info:
	Database JDBC URL [jdbc:postgresql://localhost:5432/discogs_db]
	Database driver: org.postgresql.Driver
	Database version: 16.4
	Autocommit mode: false
	Isolation level: undefined/unknown
	Minimum pool size: 1
	Maximum pool size: 20
2024-12-27T11:59:04.732-05:00  INFO 88647 --- [           main] o.h.m.i.EntityInstantiatorPojoStandard   : HHH000182: No default (no-argument) constructor for class: com.discogs.domain.model.Video (class must be instantiated by Interceptor)
2024-12-27T11:59:04.733-05:00  INFO 88647 --- [           main] o.h.m.i.EntityInstantiatorPojoStandard   : HHH000182: No default (no-argument) constructor for class: com.discogs.domain.model.Identifier (class must be instantiated by Interceptor)
2024-12-27T11:59:04.774-05:00  INFO 88647 --- [           main] org.hibernate.orm.connections.access     : HHH10001501: Connection obtained from JdbcConnectionAccess [org.hibernate.engine.jdbc.env.internal.JdbcEnvironmentInitiator$ConnectionProviderJdbcConnectionAccess@4d96c290] for (non-JTA) DDL execution was not in auto-commit mode; the Connection 'local transaction' will be committed and the Connection will be set into auto-commit mode.
2024-12-27T11:59:05.244-05:00  INFO 88647 --- [           main] com.discogs.DiscogsApplicationTests      : Started DiscogsApplicationTests in 4.593 seconds (process running for 5.536)
]]></system-out>
  </testcase>
</testsuite>